<?xml version="1.0" encoding="UTF-8"?>
<!-- Generated by org.testng.reporters.JUnitReportReporter -->
<testsuite hostname="DESKTOP-OH2EK0R" failures="0" tests="2" name="testScript.LoginTest" time="7.278" errors="0" timestamp="2025-09-01T11:34:39 IST" skipped="0">
  <testcase classname="testScript.LoginTest" name="verifyUserLoginWithInValidUserNameAndInValidPassword" time="3.039"/>
  <testcase classname="testScript.LoginTest" name="verifyUserLoginWithInValidUserNameAndInValidPassword" time="4.239"/>
</testsuite> <!-- testScript.LoginTest -->
