<?xml version="1.0" encoding="UTF-8"?>
<!-- Generated by org.testng.reporters.JUnitReportReporter -->
<testsuite hostname="DESKTOP-OH2EK0R" failures="0" tests="2" name="testScript.LoginTest" time="15.005" errors="0" timestamp="2025-08-25T20:11:24 IST" skipped="0">
  <testcase classname="testScript.LoginTest" name="verifyUserLoginWithInValidUserNameAndInValidPassword" time="6.362"/>
  <testcase classname="testScript.LoginTest" name="verifyUserLoginWithInValidUserNameAndInValidPassword" time="8.643"/>
</testsuite> <!-- testScript.LoginTest -->
