<?xml version="1.0" encoding="UTF-8"?>
<!-- Generated by org.testng.reporters.JUnitReportReporter -->
<testsuite hostname="DESKTOP-OH2EK0R" failures="0" tests="2" name="testScript.LoginTest" time="9.271" errors="0" timestamp="2025-08-25T21:19:24 IST" skipped="0">
  <testcase classname="testScript.LoginTest" name="verifyUserLoginWithInValidUserNameAndInValidPassword" time="3.259"/>
  <testcase classname="testScript.LoginTest" name="verifyUserLoginWithInValidUserNameAndInValidPassword" time="6.012"/>
</testsuite> <!-- testScript.LoginTest -->
