<?xml version="1.0" encoding="UTF-8"?>
<!-- Generated by org.testng.reporters.JUnitReportReporter -->
<testsuite hostname="DESKTOP-OH2EK0R" failures="0" tests="1" name="testScript.HomeTest" time="5.368" errors="0" timestamp="2025-08-07T22:52:39 IST" skipped="0">
  <testcase classname="testScript.HomeTest" name="verifyWhetherTheUserIsAbleSucessfullyLogout" time="5.368"/>
</testsuite> <!-- testScript.HomeTest -->
