<?xml version="1.0" encoding="UTF-8"?>
<!-- Generated by org.testng.reporters.JUnitReportReporter -->
<testsuite hostname="DESKTOP-OH2EK0R" failures="0" tests="1" name="testScript.AdminUsersTest" time="7.339" errors="0" timestamp="2025-08-08T18:56:59 IST" skipped="0">
  <testcase classname="testScript.AdminUsersTest" name="verifyWhetherTheAdminIsAbleToAddUser" time="7.339"/>
</testsuite> <!-- testScript.AdminUsersTest -->
