<?xml version="1.0" encoding="UTF-8"?>
<!-- Generated by org.testng.reporters.JUnitReportReporter -->
<testsuite hostname="DESKTOP-OH2EK0R" failures="0" tests="1" name="testScript.ManageNewsTest" time="7.663" errors="0" timestamp="2025-08-08T19:10:22 IST" skipped="0">
  <testcase classname="testScript.ManageNewsTest" name="verifyWhetherTheUserIsAbleToAddNewNews" time="7.663"/>
</testsuite> <!-- testScript.ManageNewsTest -->
