<?xml version="1.0" encoding="UTF-8"?>
<!-- Generated by org.testng.reporters.JUnitReportReporter -->
<testsuite hostname="DESKTOP-OH2EK0R" failures="0" tests="2" name="testScript.LoginTest" time="9.810" errors="0" timestamp="2025-08-24T13:32:24 IST" skipped="0">
  <testcase classname="testScript.LoginTest" name="verifyUserLoginWithInValidUserNameAndInValidPassword" time="2.947"/>
  <testcase classname="testScript.LoginTest" name="verifyUserLoginWithInValidUserNameAndInValidPassword" time="6.863"/>
</testsuite> <!-- testScript.LoginTest -->
