<?xml version="1.0" encoding="UTF-8"?>
<!-- Generated by org.testng.reporters.JUnitReportReporter -->
<testsuite hostname="DESKTOP-OH2EK0R" failures="0" tests="1" name="testScript.LoginTest" time="5.143" errors="0" timestamp="2025-07-31T23:59:59 IST" skipped="0">
  <testcase classname="testScript.LoginTest" name="verifyUserLoginWithValidCredentials" time="5.143"/>
</testsuite> <!-- testScript.LoginTest -->
