<?xml version="1.0" encoding="UTF-8"?>
<!-- Generated by org.testng.reporters.JUnitReportReporter -->
<testsuite hostname="DESKTOP-OH2EK0R" failures="0" tests="1" name="SeliniumBase.TestNGAnnotations" time="0.012" errors="0" timestamp="2025-07-26T01:33:10 IST" skipped="0">
  <testcase classname="SeliniumBase.TestNGAnnotations" name="sampleTestCase" time="0.012"/>
</testsuite> <!-- SeliniumBase.TestNGAnnotations -->
