<?xml version="1.0" encoding="UTF-8"?>
<!-- Generated by org.testng.reporters.JUnitReportReporter -->
<testsuite hostname="DESKTOP-OH2EK0R" failures="0" tests="1" name="testScript.LoginTest" time="4.538" errors="0" timestamp="2025-07-26T02:23:02 IST" skipped="0">
  <testcase classname="testScript.LoginTest" name="verifyUserLoginWithValidCredentials" time="4.538"/>
</testsuite> <!-- testScript.LoginTest -->
